<?xml version="1.0" encoding="UTF-8"?>
<!-- Generated by org.testng.reporters.JUnitXMLReporter -->
<testsuite hostname="IN2196867W4" ignored="0" name="Test" tests="3" failures="0" timestamp="2021-07-12T08:59:49 IST" time="38.318" errors="0">
  <testcase name="loginandlogout" time="13.863" classname="Testcase.loginandlogout"/>
  <testcase name="loginandlogout" time="11.475" classname="Testcase.loginandlogout"/>
  <testcase name="loginandlogout" time="8.158" classname="Testcase.loginandlogout"/>
</testsuite> <!-- Test -->
