<?xml version="1.0" encoding="UTF-8"?>
<testng-results skipped="0" failed="0" ignored="0" total="3" passed="3">
  <reporter-output>
  </reporter-output>
  <suite name="Suite" duration-ms="38318" started-at="2021-07-12T08:59:10 IST" finished-at="2021-07-12T08:59:49 IST">
    <groups>
    </groups>
    <test name="Test" duration-ms="38318" started-at="2021-07-12T08:59:10 IST" finished-at="2021-07-12T08:59:49 IST">
      <class name="Testcase.loginandlogout">
        <test-method status="PASS" signature="launch()[pri:0, instance:Testcase.loginandlogout@4e4aea35]" name="launch" is-config="true" duration-ms="8900" started-at="2021-07-12T08:59:01 IST" finished-at="2021-07-12T08:59:10 IST">
          <reporter-output>
          </reporter-output>
        </test-method> <!-- launch -->
        <test-method status="PASS" signature="urllaunch()[pri:0, instance:Testcase.loginandlogout@4e4aea35]" name="urllaunch" is-config="true" duration-ms="3502" started-at="2021-07-12T08:59:10 IST" finished-at="2021-07-12T08:59:14 IST">
          <reporter-output>
          </reporter-output>
        </test-method> <!-- urllaunch -->
        <test-method status="PASS" signature="loginandlogout(java.lang.String,java.lang.String)[pri:0, instance:Testcase.loginandlogout@4e4aea35]" name="loginandlogout" duration-ms="13863" started-at="2021-07-12T08:59:15 IST" data-provider="excel" finished-at="2021-07-12T08:59:29 IST">
          <params>
            <param index="0">
              <value>
                <![CDATA[kumar.sathish189@gmail.com]]>
              </value>
            </param>
            <param index="1">
              <value>
                <![CDATA[Admin@123]]>
              </value>
            </param>
          </params>
          <reporter-output>
          </reporter-output>
        </test-method> <!-- loginandlogout -->
        <test-method status="PASS" signature="loginandlogout(java.lang.String,java.lang.String)[pri:0, instance:Testcase.loginandlogout@4e4aea35]" name="loginandlogout" duration-ms="11475" started-at="2021-07-12T08:59:29 IST" data-provider="excel" finished-at="2021-07-12T08:59:41 IST">
          <params>
            <param index="0">
              <value>
                <![CDATA[kumar.sathish189@gmail.com]]>
              </value>
            </param>
            <param index="1">
              <value>
                <![CDATA[Admin@123]]>
              </value>
            </param>
          </params>
          <reporter-output>
          </reporter-output>
        </test-method> <!-- loginandlogout -->
        <test-method status="PASS" signature="loginandlogout(java.lang.String,java.lang.String)[pri:0, instance:Testcase.loginandlogout@4e4aea35]" name="loginandlogout" duration-ms="8158" started-at="2021-07-12T08:59:41 IST" data-provider="excel" finished-at="2021-07-12T08:59:49 IST">
          <params>
            <param index="0">
              <value>
                <![CDATA[kumar.sathish189@gmail.com]]>
              </value>
            </param>
            <param index="1">
              <value>
                <![CDATA[Admin@123]]>
              </value>
            </param>
          </params>
          <reporter-output>
          </reporter-output>
        </test-method> <!-- loginandlogout -->
        <test-method status="PASS" signature="teardown()[pri:0, instance:Testcase.loginandlogout@4e4aea35]" name="teardown" is-config="true" duration-ms="1716" started-at="2021-07-12T08:59:49 IST" finished-at="2021-07-12T08:59:50 IST">
          <reporter-output>
          </reporter-output>
        </test-method> <!-- teardown -->
      </class> <!-- Testcase.loginandlogout -->
    </test> <!-- Test -->
  </suite> <!-- Suite -->
</testng-results>
